#
# There is insufficient memory for the Java Runtime Environment to continue.
# Native memory allocation (malloc) failed to allocate 2585376 bytes for Chunk::new
# Possible reasons:
#   The system is out of physical RAM or swap space
#   The process is running with CompressedOops enabled, and the Java Heap may be blocking the growth of the native heap
# Possible solutions:
#   Reduce memory load on the system
#   Increase physical memory or swap space
#   Check if swap backing store is full
#   Decrease Java heap size (-Xmx/-Xms)
#   Decrease number of Java threads
#   Decrease Java thread stack sizes (-Xss)
#   Set larger code cache with -XX:ReservedCodeCacheSize=
#   JVM is running with Unscaled Compressed Oops mode in which the Java heap is
#     placed in the first 4GB address space. The Java Heap base address is the
#     maximum limit for the native heap growth. Please use -XX:HeapBaseMinAddress
#     to set the Java Heap base and to place the Java Heap above 4GB virtual address.
# This output file may be truncated or incomplete.
#
#  Out of Memory Error (t:/workspace/open/src/hotspot/share/memory/arena.cpp:196), pid=17352, tid=8632
#
# JRE version: Java(TM) SE Runtime Environment (13.0.2+8) (build 13.0.2+8)
# Java VM: Java HotSpot(TM) 64-Bit Server VM (13.0.2+8, mixed mode, sharing, tiered, compressed oops, g1 gc, windows-amd64)
# No core dump will be written. Minidumps are not enabled by default on client versions of Windows
#

---------------  S U M M A R Y ------------

Command Line: -javaagent:D:\Programs\IntelliJ IDEA Community Edition 2019.3.3\lib\idea_rt.jar=63686:D:\Programs\IntelliJ IDEA Community Edition 2019.3.3\bin -Dfile.encoding=UTF-8 com.weiss.weiss.WeissApplication

Host: Intel(R) Core(TM) i5-4210U CPU @ 1.70GHz, 4 cores, 7G,  Windows 10 , 64 bit Build 17134 (10.0.17134.753)
Time: Sun Mar  1 01:23:38 2020 Ea?onaeeineia a?aiy (ceia) elapsed time: 4 seconds (0d 0h 0m 4s)

---------------  T H R E A D  ---------------

Current thread (0x000002a2fd4c6800):  JavaThread "C2 CompilerThread1" daemon [_thread_in_native, id=8632, stack(0x000000c055d00000,0x000000c055e00000)]


Current CompileTask:
C2:   4133 1997   !   4       jdk.internal.loader.BuiltinClassLoader::loadClassOrNull (143 bytes)

Stack: [0x000000c055d00000,0x000000c055e00000]
Native frames: (J=compiled Java code, j=interpreted, Vv=VM code, C=native code)
V  [jvm.dll+0x624f9a]
V  [jvm.dll+0x770cfa]
V  [jvm.dll+0x7724af]
V  [jvm.dll+0x772ab3]
V  [jvm.dll+0x24bf08]
V  [jvm.dll+0xc1e47]
V  [jvm.dll+0xc23cc]
V  [jvm.dll+0x35c0c5]
V  [jvm.dll+0x19f2f0]
V  [jvm.dll+0x205d36]
V  [jvm.dll+0x204e3f]
V  [jvm.dll+0x189c2c]
V  [jvm.dll+0x213e6d]
V  [jvm.dll+0x2120bb]
V  [jvm.dll+0x736bb6]
V  [jvm.dll+0x72fcaa]
V  [jvm.dll+0x623ea6]
C  [ucrtbase.dll+0x1e3fe]
C  [KERNEL32.DLL+0x14034]
C  [ntdll.dll+0x73691]


---------------  P R O C E S S  ---------------

Threads class SMR info:
_java_thread_list=0x000002a2fd6eea70, length=12, elements={
0x000002a2dd571000, 0x000002a2fbbad000, 0x000002a2fbbb2000, 0x000002a2fbbce800,
0x000002a2fbbd2800, 0x000002a2fbbd4000, 0x000002a2fbbd5000, 0x000002a2fbbfd800,
0x000002a2fc5f4000, 0x000002a2fc836800, 0x000002a2fcba4800, 0x000002a2fd4c6800
}

Java Threads: ( => current thread )
  0x000002a2dd571000 JavaThread "main" [_thread_in_native, id=12460, stack(0x000000c054700000,0x000000c054800000)]
  0x000002a2fbbad000 JavaThread "Reference Handler" daemon [_thread_blocked, id=8620, stack(0x000000c054f00000,0x000000c055000000)]
  0x000002a2fbbb2000 JavaThread "Finalizer" daemon [_thread_blocked, id=11840, stack(0x000000c055000000,0x000000c055100000)]
  0x000002a2fbbce800 JavaThread "Signal Dispatcher" daemon [_thread_blocked, id=14412, stack(0x000000c055100000,0x000000c055200000)]
  0x000002a2fbbd2800 JavaThread "Attach Listener" daemon [_thread_blocked, id=16996, stack(0x000000c055200000,0x000000c055300000)]
  0x000002a2fbbd4000 JavaThread "C2 CompilerThread0" daemon [_thread_blocked, id=8664, stack(0x000000c055300000,0x000000c055400000)]
  0x000002a2fbbd5000 JavaThread "C1 CompilerThread0" daemon [_thread_blocked, id=9208, stack(0x000000c055400000,0x000000c055500000)]
  0x000002a2fbbfd800 JavaThread "Sweeper thread" daemon [_thread_blocked, id=10604, stack(0x000000c055500000,0x000000c055600000)]
  0x000002a2fc5f4000 JavaThread "Common-Cleaner" daemon [_thread_blocked, id=11780, stack(0x000000c055600000,0x000000c055700000)]
  0x000002a2fc836800 JavaThread "Monitor Ctrl-Break" daemon [_thread_in_native, id=7692, stack(0x000000c055700000,0x000000c055800000)]
  0x000002a2fcba4800 JavaThread "Service Thread" daemon [_thread_blocked, id=14700, stack(0x000000c055800000,0x000000c055900000)]
=>0x000002a2fd4c6800 JavaThread "C2 CompilerThread1" daemon [_thread_in_native, id=8632, stack(0x000000c055d00000,0x000000c055e00000)]

Other Threads:
  0x000002a2fbba5800 VMThread "VM Thread" [stack: 0x000000c054e00000,0x000000c054f00000] [id=7828]
  0x000002a2fcba9800 WatcherThread [stack: 0x000000c055900000,0x000000c055a00000] [id=16604]
  0x000002a2dd5b4800 GCTaskThread "GC Thread#0" [stack: 0x000000c054900000,0x000000c054a00000] [id=12788]
  0x000002a2fcde1000 GCTaskThread "GC Thread#1" [stack: 0x000000c055a00000,0x000000c055b00000] [id=15760]
  0x000002a2fce0a800 GCTaskThread "GC Thread#2" [stack: 0x000000c055b00000,0x000000c055c00000] [id=15844]
  0x000002a2fd592800 GCTaskThread "GC Thread#3" [stack: 0x000000c055f00000,0x000000c056000000] [id=14980]
  0x000002a2dd5c7000 ConcurrentGCThread "G1 Main Marker" [stack: 0x000000c054a00000,0x000000c054b00000] [id=12220]
  0x000002a2dd5c8000 ConcurrentGCThread "G1 Conc#0" [stack: 0x000000c054b00000,0x000000c054c00000] [id=14732]
  0x000002a2dd62d800 ConcurrentGCThread "G1 Refine#0" [stack: 0x000000c054c00000,0x000000c054d00000] [id=15240]
  0x000002a2fc66f000 ConcurrentGCThread "G1 Refine#1" [stack: 0x000000c055c00000,0x000000c055d00000] [id=14256]
  0x000002a2dd62e800 ConcurrentGCThread "G1 Young RemSet Sampling" [stack: 0x000000c054d00000,0x000000c054e00000] [id=7128]

Threads with active compile tasks:
C2 CompilerThread1     4163 1997   !   4       jdk.internal.loader.BuiltinClassLoader::loadClassOrNull (143 bytes)

VM state:not at safepoint (normal execution)

VM Mutex/Monitor currently owned by a thread: None

Heap address: 0x0000000081600000, size: 2026 MB, Compressed Oops mode: 32-bit
Narrow klass base: 0x0000000800000000, Narrow klass shift: 3
Compressed class space size: 1073741824 Address: 0x0000000800b40000

Heap:
 garbage-first heap   total 131072K, used 27893K [0x0000000081600000, 0x0000000100000000)
  region size 1024K, 22 young (22528K), 3 survivors (3072K)
 Metaspace       used 19533K, capacity 20065K, committed 20096K, reserved 1067008K
  class space    used 2472K, capacity 2674K, committed 2688K, reserved 1048576K
Heap Regions: E=young(eden), S=young(survivor), O=old, HS=humongous(starts), HC=humongous(continues), CS=collection set, F=free, A=archive, TAMS=top-at-mark-start (previous, next)
|   0|0x0000000081600000, 0x0000000081700000, 0x0000000081700000|100%| O|  |TAMS 0x0000000081600000, 0x0000000081600000| Untracked 
|   1|0x0000000081700000, 0x0000000081800000, 0x0000000081800000|100%| O|  |TAMS 0x0000000081700000, 0x0000000081700000| Untracked 
|   2|0x0000000081800000, 0x0000000081900000, 0x0000000081900000|100%| O|  |TAMS 0x0000000081800000, 0x0000000081800000| Untracked 
|   3|0x0000000081900000, 0x0000000081a00000, 0x0000000081a00000|100%| O|  |TAMS 0x0000000081900000, 0x0000000081900000| Untracked 
|   4|0x0000000081a00000, 0x0000000081b00000, 0x0000000081b00000|100%| O|  |TAMS 0x0000000081a00000, 0x0000000081a00000| Untracked 
|   5|0x0000000081b00000, 0x0000000081c00000, 0x0000000081c00000|100%| O|  |TAMS 0x0000000081b00000, 0x0000000081b00000| Untracked 
|   6|0x0000000081c00000, 0x0000000081c3f400, 0x0000000081d00000| 24%| O|  |TAMS 0x0000000081c00000, 0x0000000081c00000| Untracked 
|   7|0x0000000081d00000, 0x0000000081d00000, 0x0000000081e00000|  0%| F|  |TAMS 0x0000000081d00000, 0x0000000081d00000| Untracked 
|   8|0x0000000081e00000, 0x0000000081e00000, 0x0000000081f00000|  0%| F|  |TAMS 0x0000000081e00000, 0x0000000081e00000| Untracked 
|   9|0x0000000081f00000, 0x0000000081f00000, 0x0000000082000000|  0%| F|  |TAMS 0x0000000081f00000, 0x0000000081f00000| Untracked 
|  10|0x0000000082000000, 0x0000000082000000, 0x0000000082100000|  0%| F|  |TAMS 0x0000000082000000, 0x0000000082000000| Untracked 
|  11|0x0000000082100000, 0x0000000082100000, 0x0000000082200000|  0%| F|  |TAMS 0x0000000082100000, 0x0000000082100000| Untracked 
|  12|0x0000000082200000, 0x0000000082200000, 0x0000000082300000|  0%| F|  |TAMS 0x0000000082200000, 0x0000000082200000| Untracked 
|  13|0x0000000082300000, 0x0000000082300000, 0x0000000082400000|  0%| F|  |TAMS 0x0000000082300000, 0x0000000082300000| Untracked 
|  14|0x0000000082400000, 0x0000000082400000, 0x0000000082500000|  0%| F|  |TAMS 0x0000000082400000, 0x0000000082400000| Untracked 
|  15|0x0000000082500000, 0x0000000082500000, 0x0000000082600000|  0%| F|  |TAMS 0x0000000082500000, 0x0000000082500000| Untracked 
|  16|0x0000000082600000, 0x0000000082600000, 0x0000000082700000|  0%| F|  |TAMS 0x0000000082600000, 0x0000000082600000| Untracked 
|  17|0x0000000082700000, 0x0000000082700000, 0x0000000082800000|  0%| F|  |TAMS 0x0000000082700000, 0x0000000082700000| Untracked 
|  18|0x0000000082800000, 0x0000000082800000, 0x0000000082900000|  0%| F|  |TAMS 0x0000000082800000, 0x0000000082800000| Untracked 
|  19|0x0000000082900000, 0x0000000082900000, 0x0000000082a00000|  0%| F|  |TAMS 0x0000000082900000, 0x0000000082900000| Untracked 
|  20|0x0000000082a00000, 0x0000000082a00000, 0x0000000082b00000|  0%| F|  |TAMS 0x0000000082a00000, 0x0000000082a00000| Untracked 
|  21|0x0000000082b00000, 0x0000000082b00000, 0x0000000082c00000|  0%| F|  |TAMS 0x0000000082b00000, 0x0000000082b00000| Untracked 
|  22|0x0000000082c00000, 0x0000000082c00000, 0x0000000082d00000|  0%| F|  |TAMS 0x0000000082c00000, 0x0000000082c00000| Untracked 
|  23|0x0000000082d00000, 0x0000000082d00000, 0x0000000082e00000|  0%| F|  |TAMS 0x0000000082d00000, 0x0000000082d00000| Untracked 
|  24|0x0000000082e00000, 0x0000000082e00000, 0x0000000082f00000|  0%| F|  |TAMS 0x0000000082e00000, 0x0000000082e00000| Untracked 
|  25|0x0000000082f00000, 0x0000000082f00000, 0x0000000083000000|  0%| F|  |TAMS 0x0000000082f00000, 0x0000000082f00000| Untracked 
|  26|0x0000000083000000, 0x0000000083000000, 0x0000000083100000|  0%| F|  |TAMS 0x0000000083000000, 0x0000000083000000| Untracked 
|  27|0x0000000083100000, 0x0000000083100000, 0x0000000083200000|  0%| F|  |TAMS 0x0000000083100000, 0x0000000083100000| Untracked 
|  28|0x0000000083200000, 0x0000000083200000, 0x0000000083300000|  0%| F|  |TAMS 0x0000000083200000, 0x0000000083200000| Untracked 
|  29|0x0000000083300000, 0x0000000083300000, 0x0000000083400000|  0%| F|  |TAMS 0x0000000083300000, 0x0000000083300000| Untracked 
|  30|0x0000000083400000, 0x0000000083400000, 0x0000000083500000|  0%| F|  |TAMS 0x0000000083400000, 0x0000000083400000| Untracked 
|  31|0x0000000083500000, 0x0000000083500000, 0x0000000083600000|  0%| F|  |TAMS 0x0000000083500000, 0x0000000083500000| Untracked 
|  32|0x0000000083600000, 0x0000000083600000, 0x0000000083700000|  0%| F|  |TAMS 0x0000000083600000, 0x0000000083600000| Untracked 
|  33|0x0000000083700000, 0x0000000083700000, 0x0000000083800000|  0%| F|  |TAMS 0x0000000083700000, 0x0000000083700000| Untracked 
|  34|0x0000000083800000, 0x0000000083800000, 0x0000000083900000|  0%| F|  |TAMS 0x0000000083800000, 0x0000000083800000| Untracked 
|  35|0x0000000083900000, 0x0000000083900000, 0x0000000083a00000|  0%| F|  |TAMS 0x0000000083900000, 0x0000000083900000| Untracked 
|  36|0x0000000083a00000, 0x0000000083a00000, 0x0000000083b00000|  0%| F|  |TAMS 0x0000000083a00000, 0x0000000083a00000| Untracked 
|  37|0x0000000083b00000, 0x0000000083b00000, 0x0000000083c00000|  0%| F|  |TAMS 0x0000000083b00000, 0x0000000083b00000| Untracked 
|  38|0x0000000083c00000, 0x0000000083c00000, 0x0000000083d00000|  0%| F|  |TAMS 0x0000000083c00000, 0x0000000083c00000| Untracked 
|  39|0x0000000083d00000, 0x0000000083d00000, 0x0000000083e00000|  0%| F|  |TAMS 0x0000000083d00000, 0x0000000083d00000| Untracked 
|  40|0x0000000083e00000, 0x0000000083e00000, 0x0000000083f00000|  0%| F|  |TAMS 0x0000000083e00000, 0x0000000083e00000| Untracked 
|  41|0x0000000083f00000, 0x0000000083f00000, 0x0000000084000000|  0%| F|  |TAMS 0x0000000083f00000, 0x0000000083f00000| Untracked 
|  42|0x0000000084000000, 0x0000000084000000, 0x0000000084100000|  0%| F|  |TAMS 0x0000000084000000, 0x0000000084000000| Untracked 
|  43|0x0000000084100000, 0x0000000084100000, 0x0000000084200000|  0%| F|  |TAMS 0x0000000084100000, 0x0000000084100000| Untracked 
|  44|0x0000000084200000, 0x0000000084200000, 0x0000000084300000|  0%| F|  |TAMS 0x0000000084200000, 0x0000000084200000| Untracked 
|  45|0x0000000084300000, 0x0000000084300000, 0x0000000084400000|  0%| F|  |TAMS 0x0000000084300000, 0x0000000084300000| Untracked 
|  46|0x0000000084400000, 0x0000000084400000, 0x0000000084500000|  0%| F|  |TAMS 0x0000000084400000, 0x0000000084400000| Untracked 
|  47|0x0000000084500000, 0x0000000084500000, 0x0000000084600000|  0%| F|  |TAMS 0x0000000084500000, 0x0000000084500000| Untracked 
|  48|0x0000000084600000, 0x0000000084600000, 0x0000000084700000|  0%| F|  |TAMS 0x0000000084600000, 0x0000000084600000| Untracked 
|  49|0x0000000084700000, 0x0000000084700000, 0x0000000084800000|  0%| F|  |TAMS 0x0000000084700000, 0x0000000084700000| Untracked 
|  50|0x0000000084800000, 0x0000000084800000, 0x0000000084900000|  0%| F|  |TAMS 0x0000000084800000, 0x0000000084800000| Untracked 
|  51|0x0000000084900000, 0x0000000084900000, 0x0000000084a00000|  0%| F|  |TAMS 0x0000000084900000, 0x0000000084900000| Untracked 
|  52|0x0000000084a00000, 0x0000000084a00000, 0x0000000084b00000|  0%| F|  |TAMS 0x0000000084a00000, 0x0000000084a00000| Untracked 
|  53|0x0000000084b00000, 0x0000000084b00000, 0x0000000084c00000|  0%| F|  |TAMS 0x0000000084b00000, 0x0000000084b00000| Untracked 
|  54|0x0000000084c00000, 0x0000000084c00000, 0x0000000084d00000|  0%| F|  |TAMS 0x0000000084c00000, 0x0000000084c00000| Untracked 
|  55|0x0000000084d00000, 0x0000000084d00000, 0x0000000084e00000|  0%| F|  |TAMS 0x0000000084d00000, 0x0000000084d00000| Untracked 
|  56|0x0000000084e00000, 0x0000000084e00000, 0x0000000084f00000|  0%| F|  |TAMS 0x0000000084e00000, 0x0000000084e00000| Untracked 
|  57|0x0000000084f00000, 0x0000000084f00000, 0x0000000085000000|  0%| F|  |TAMS 0x0000000084f00000, 0x0000000084f00000| Untracked 
|  58|0x0000000085000000, 0x0000000085000000, 0x0000000085100000|  0%| F|  |TAMS 0x0000000085000000, 0x0000000085000000| Untracked 
|  59|0x0000000085100000, 0x0000000085100000, 0x0000000085200000|  0%| F|  |TAMS 0x0000000085100000, 0x0000000085100000| Untracked 
|  60|0x0000000085200000, 0x0000000085200000, 0x0000000085300000|  0%| F|  |TAMS 0x0000000085200000, 0x0000000085200000| Untracked 
|  61|0x0000000085300000, 0x0000000085300000, 0x0000000085400000|  0%| F|  |TAMS 0x0000000085300000, 0x0000000085300000| Untracked 
|  62|0x0000000085400000, 0x0000000085400000, 0x0000000085500000|  0%| F|  |TAMS 0x0000000085400000, 0x0000000085400000| Untracked 
|  63|0x0000000085500000, 0x0000000085500000, 0x0000000085600000|  0%| F|  |TAMS 0x0000000085500000, 0x0000000085500000| Untracked 
|  64|0x0000000085600000, 0x0000000085600000, 0x0000000085700000|  0%| F|  |TAMS 0x0000000085600000, 0x0000000085600000| Untracked 
|  65|0x0000000085700000, 0x0000000085700000, 0x0000000085800000|  0%| F|  |TAMS 0x0000000085700000, 0x0000000085700000| Untracked 
|  66|0x0000000085800000, 0x0000000085800000, 0x0000000085900000|  0%| F|  |TAMS 0x0000000085800000, 0x0000000085800000| Untracked 
|  67|0x0000000085900000, 0x0000000085900000, 0x0000000085a00000|  0%| F|  |TAMS 0x0000000085900000, 0x0000000085900000| Untracked 
|  68|0x0000000085a00000, 0x0000000085a00000, 0x0000000085b00000|  0%| F|  |TAMS 0x0000000085a00000, 0x0000000085a00000| Untracked 
|  69|0x0000000085b00000, 0x0000000085b00000, 0x0000000085c00000|  0%| F|  |TAMS 0x0000000085b00000, 0x0000000085b00000| Untracked 
|  70|0x0000000085c00000, 0x0000000085c00000, 0x0000000085d00000|  0%| F|  |TAMS 0x0000000085c00000, 0x0000000085c00000| Untracked 
|  71|0x0000000085d00000, 0x0000000085d00000, 0x0000000085e00000|  0%| F|  |TAMS 0x0000000085d00000, 0x0000000085d00000| Untracked 
|  72|0x0000000085e00000, 0x0000000085e00000, 0x0000000085f00000|  0%| F|  |TAMS 0x0000000085e00000, 0x0000000085e00000| Untracked 
|  73|0x0000000085f00000, 0x0000000085f00000, 0x0000000086000000|  0%| F|  |TAMS 0x0000000085f00000, 0x0000000085f00000| Untracked 
|  74|0x0000000086000000, 0x0000000086000000, 0x0000000086100000|  0%| F|  |TAMS 0x0000000086000000, 0x0000000086000000| Untracked 
|  75|0x0000000086100000, 0x0000000086100000, 0x0000000086200000|  0%| F|  |TAMS 0x0000000086100000, 0x0000000086100000| Untracked 
|  76|0x0000000086200000, 0x0000000086200000, 0x0000000086300000|  0%| F|  |TAMS 0x0000000086200000, 0x0000000086200000| Untracked 
|  77|0x0000000086300000, 0x0000000086300000, 0x0000000086400000|  0%| F|  |TAMS 0x0000000086300000, 0x0000000086300000| Untracked 
|  78|0x0000000086400000, 0x0000000086400000, 0x0000000086500000|  0%| F|  |TAMS 0x0000000086400000, 0x0000000086400000| Untracked 
|  79|0x0000000086500000, 0x0000000086500000, 0x0000000086600000|  0%| F|  |TAMS 0x0000000086500000, 0x0000000086500000| Untracked 
|  80|0x0000000086600000, 0x0000000086600000, 0x0000000086700000|  0%| F|  |TAMS 0x0000000086600000, 0x0000000086600000| Untracked 
|  81|0x0000000086700000, 0x00000000867fe100, 0x0000000086800000| 99%| S|CS|TAMS 0x0000000086700000, 0x0000000086700000| Complete 
|  82|0x0000000086800000, 0x0000000086900000, 0x0000000086900000|100%| S|CS|TAMS 0x0000000086800000, 0x0000000086800000| Complete 
|  83|0x0000000086900000, 0x0000000086a00000, 0x0000000086a00000|100%| S|CS|TAMS 0x0000000086900000, 0x0000000086900000| Complete 
|  84|0x0000000086a00000, 0x0000000086a00000, 0x0000000086b00000|  0%| F|  |TAMS 0x0000000086a00000, 0x0000000086a00000| Untracked 
|  85|0x0000000086b00000, 0x0000000086b00000, 0x0000000086c00000|  0%| F|  |TAMS 0x0000000086b00000, 0x0000000086b00000| Untracked 
|  86|0x0000000086c00000, 0x0000000086c00000, 0x0000000086d00000|  0%| F|  |TAMS 0x0000000086c00000, 0x0000000086c00000| Untracked 
|  87|0x0000000086d00000, 0x0000000086d00000, 0x0000000086e00000|  0%| F|  |TAMS 0x0000000086d00000, 0x0000000086d00000| Untracked 
|  88|0x0000000086e00000, 0x0000000086e00000, 0x0000000086f00000|  0%| F|  |TAMS 0x0000000086e00000, 0x0000000086e00000| Untracked 
|  89|0x0000000086f00000, 0x0000000086f00000, 0x0000000087000000|  0%| F|  |TAMS 0x0000000086f00000, 0x0000000086f00000| Untracked 
|  90|0x0000000087000000, 0x0000000087000000, 0x0000000087100000|  0%| F|  |TAMS 0x0000000087000000, 0x0000000087000000| Untracked 
|  91|0x0000000087100000, 0x0000000087100000, 0x0000000087200000|  0%| F|  |TAMS 0x0000000087100000, 0x0000000087100000| Untracked 
|  92|0x0000000087200000, 0x0000000087200000, 0x0000000087300000|  0%| F|  |TAMS 0x0000000087200000, 0x0000000087200000| Untracked 
|  93|0x0000000087300000, 0x0000000087300000, 0x0000000087400000|  0%| F|  |TAMS 0x0000000087300000, 0x0000000087300000| Untracked 
|  94|0x0000000087400000, 0x0000000087400000, 0x0000000087500000|  0%| F|  |TAMS 0x0000000087400000, 0x0000000087400000| Untracked 
|  95|0x0000000087500000, 0x0000000087500000, 0x0000000087600000|  0%| F|  |TAMS 0x0000000087500000, 0x0000000087500000| Untracked 
|  96|0x0000000087600000, 0x0000000087600000, 0x0000000087700000|  0%| F|  |TAMS 0x0000000087600000, 0x0000000087600000| Untracked 
|  97|0x0000000087700000, 0x0000000087700000, 0x0000000087800000|  0%| F|  |TAMS 0x0000000087700000, 0x0000000087700000| Untracked 
|  98|0x0000000087800000, 0x0000000087800000, 0x0000000087900000|  0%| F|  |TAMS 0x0000000087800000, 0x0000000087800000| Untracked 
|  99|0x0000000087900000, 0x0000000087900000, 0x0000000087a00000|  0%| F|  |TAMS 0x0000000087900000, 0x0000000087900000| Untracked 
| 100|0x0000000087a00000, 0x0000000087a00000, 0x0000000087b00000|  0%| F|  |TAMS 0x0000000087a00000, 0x0000000087a00000| Untracked 
| 101|0x0000000087b00000, 0x0000000087b00000, 0x0000000087c00000|  0%| F|  |TAMS 0x0000000087b00000, 0x0000000087b00000| Untracked 
| 102|0x0000000087c00000, 0x0000000087c00000, 0x0000000087d00000|  0%| F|  |TAMS 0x0000000087c00000, 0x0000000087c00000| Untracked 
| 103|0x0000000087d00000, 0x0000000087d00000, 0x0000000087e00000|  0%| F|  |TAMS 0x0000000087d00000, 0x0000000087d00000| Untracked 
| 104|0x0000000087e00000, 0x0000000087e00000, 0x0000000087f00000|  0%| F|  |TAMS 0x0000000087e00000, 0x0000000087e00000| Untracked 
| 105|0x0000000087f00000, 0x0000000087f00000, 0x0000000088000000|  0%| F|  |TAMS 0x0000000087f00000, 0x0000000087f00000| Untracked 
| 106|0x0000000088000000, 0x0000000088000000, 0x0000000088100000|  0%| F|  |TAMS 0x0000000088000000, 0x0000000088000000| Untracked 
| 107|0x0000000088100000, 0x0000000088100000, 0x0000000088200000|  0%| F|  |TAMS 0x0000000088100000, 0x0000000088100000| Untracked 
| 108|0x0000000088200000, 0x0000000088200000, 0x0000000088300000|  0%| F|  |TAMS 0x0000000088200000, 0x0000000088200000| Untracked 
| 109|0x0000000088300000, 0x0000000088380800, 0x0000000088400000| 50%| E|  |TAMS 0x0000000088300000, 0x0000000088300000| Complete 
| 110|0x0000000088400000, 0x0000000088500000, 0x0000000088500000|100%| E|CS|TAMS 0x0000000088400000, 0x0000000088400000| Complete 
| 111|0x0000000088500000, 0x0000000088600000, 0x0000000088600000|100%| E|CS|TAMS 0x0000000088500000, 0x0000000088500000| Complete 
| 112|0x0000000088600000, 0x0000000088700000, 0x0000000088700000|100%| E|CS|TAMS 0x0000000088600000, 0x0000000088600000| Complete 
| 113|0x0000000088700000, 0x0000000088800000, 0x0000000088800000|100%| E|CS|TAMS 0x0000000088700000, 0x0000000088700000| Complete 
| 114|0x0000000088800000, 0x0000000088900000, 0x0000000088900000|100%| E|CS|TAMS 0x0000000088800000, 0x0000000088800000| Complete 
| 115|0x0000000088900000, 0x0000000088a00000, 0x0000000088a00000|100%| E|CS|TAMS 0x0000000088900000, 0x0000000088900000| Complete 
| 116|0x0000000088a00000, 0x0000000088b00000, 0x0000000088b00000|100%| E|CS|TAMS 0x0000000088a00000, 0x0000000088a00000| Complete 
| 117|0x0000000088b00000, 0x0000000088c00000, 0x0000000088c00000|100%| E|CS|TAMS 0x0000000088b00000, 0x0000000088b00000| Complete 
| 118|0x0000000088c00000, 0x0000000088d00000, 0x0000000088d00000|100%| E|CS|TAMS 0x0000000088c00000, 0x0000000088c00000| Complete 
| 119|0x0000000088d00000, 0x0000000088e00000, 0x0000000088e00000|100%| E|CS|TAMS 0x0000000088d00000, 0x0000000088d00000| Complete 
| 120|0x0000000088e00000, 0x0000000088f00000, 0x0000000088f00000|100%| E|CS|TAMS 0x0000000088e00000, 0x0000000088e00000| Complete 
| 121|0x0000000088f00000, 0x0000000089000000, 0x0000000089000000|100%| E|CS|TAMS 0x0000000088f00000, 0x0000000088f00000| Complete 
| 122|0x0000000089000000, 0x0000000089100000, 0x0000000089100000|100%| E|CS|TAMS 0x0000000089000000, 0x0000000089000000| Complete 
| 123|0x0000000089100000, 0x0000000089200000, 0x0000000089200000|100%| E|CS|TAMS 0x0000000089100000, 0x0000000089100000| Complete 
| 124|0x0000000089200000, 0x0000000089300000, 0x0000000089300000|100%| E|CS|TAMS 0x0000000089200000, 0x0000000089200000| Complete 
| 125|0x0000000089300000, 0x0000000089400000, 0x0000000089400000|100%| E|CS|TAMS 0x0000000089300000, 0x0000000089300000| Complete 
| 126|0x0000000089400000, 0x0000000089500000, 0x0000000089500000|100%| E|CS|TAMS 0x0000000089400000, 0x0000000089400000| Complete 
| 127|0x0000000089500000, 0x0000000089600000, 0x0000000089600000|100%| E|CS|TAMS 0x0000000089500000, 0x0000000089500000| Complete 

Card table byte_map: [0x000002a2f4e60000,0x000002a2f5260000] _byte_map_base: 0x000002a2f4a55000

Marking Bits (Prev, Next): (CMBitMap*) 0x000002a2dd5b5508, (CMBitMap*) 0x000002a2dd5b5548
 Prev Bits: [0x000002a2f5660000, 0x000002a2f7608000)
 Next Bits: [0x000002a2f7610000, 0x000002a2f95b8000)

Polling page: 0x000002a2db700000

Metaspace:

Usage:
  Non-class:     16.98 MB capacity,    16.66 MB ( 98%) used,   273.44 KB (  2%) free+waste,    56.06 KB ( <1%) overhead. 
      Class:      2.61 MB capacity,     2.41 MB ( 92%) used,   173.80 KB (  6%) free+waste,    28.19 KB (  1%) overhead. 
       Both:     19.59 MB capacity,    19.08 MB ( 97%) used,   447.23 KB (  2%) free+waste,    84.25 KB ( <1%) overhead. 

Virtual space:
  Non-class space:       18.00 MB reserved,      17.00 MB ( 94%) committed 
      Class space:        1.00 GB reserved,       2.63 MB ( <1%) committed 
             Both:        1.02 GB reserved,      19.63 MB (  2%) committed 

Chunk freelists:
   Non-Class:  17.00 KB
       Class:  14.00 KB
        Both:  31.00 KB

MaxMetaspaceSize: 17179869184.00 GB
CompressedClassSpaceSize: 1.00 GB

CodeHeap 'non-profiled nmethods': size=120000Kb used=876Kb max_used=876Kb free=119123Kb
 bounds [0x000002a2ed530000, 0x000002a2ed7a0000, 0x000002a2f4a60000]
CodeHeap 'profiled nmethods': size=120000Kb used=4458Kb max_used=4458Kb free=115541Kb
 bounds [0x000002a2e6000000, 0x000002a2e6460000, 0x000002a2ed530000]
CodeHeap 'non-nmethods': size=5760Kb used=1223Kb max_used=1258Kb free=4536Kb
 bounds [0x000002a2e5a60000, 0x000002a2e5cd0000, 0x000002a2e6000000]
 total_blobs=3510 nmethods=2133 adapters=390
 compilation: enabled
              stopped_count=0, restarted_count=0
 full_count=0

Compilation events (20 events):
Event: 3.970 Thread 0x000002a2fbbd5000 2252       3       java.util.stream.IntPipeline$Head::<init> (8 bytes)
Event: 3.971 Thread 0x000002a2fbbd5000 nmethod 2252 0x000002a2e6456210 code [0x000002a2e64563c0, 0x000002a2e64565d0]
Event: 3.971 Thread 0x000002a2fbbd5000 2253       3       java.util.stream.IntPipeline::<init> (8 bytes)
Event: 3.971 Thread 0x000002a2fbbd5000 nmethod 2253 0x000002a2e6456690 code [0x000002a2e6456840, 0x000002a2e64569f0]
Event: 3.971 Thread 0x000002a2fbbd5000 2255       3       java.util.stream.IntPipeline::adapt (35 bytes)
Event: 3.971 Thread 0x000002a2fbbd5000 nmethod 2255 0x000002a2e6456a90 code [0x000002a2e6456c80, 0x000002a2e6457260]
Event: 3.971 Thread 0x000002a2fbbd5000 2256       3       java.util.stream.IntPipeline::adapt (37 bytes)
Event: 3.972 Thread 0x000002a2fbbd5000 nmethod 2256 0x000002a2e6457390 code [0x000002a2e64575a0, 0x000002a2e6457cb0]
Event: 3.972 Thread 0x000002a2fbbd5000 2245       3       java.util.Arrays::rangeCheck (74 bytes)
Event: 3.973 Thread 0x000002a2fbbd5000 nmethod 2245 0x000002a2e6457e90 code [0x000002a2e6458160, 0x000002a2e6458e90]
Event: 3.973 Thread 0x000002a2fbbd5000 2258       3       ch.qos.logback.classic.Logger::isDebugEnabled (77 bytes)
Event: 3.974 Thread 0x000002a2fbbd5000 nmethod 2258 0x000002a2e6459390 code [0x000002a2e6459660, 0x000002a2e645a520]
Event: 3.974 Thread 0x000002a2fbbd5000 2259       3       ch.qos.logback.classic.Logger::isDebugEnabled (6 bytes)
Event: 3.974 Thread 0x000002a2fbbd5000 nmethod 2259 0x000002a2e645aa10 code [0x000002a2e645abc0, 0x000002a2e645ad90]
Event: 3.974 Thread 0x000002a2fbbd5000 2247       1       java.util.stream.FindOps$FindOp::getOpFlags (5 bytes)
Event: 3.974 Thread 0x000002a2fbbd5000 nmethod 2247 0x000002a2ed603e90 code [0x000002a2ed604020, 0x000002a2ed604158]
Event: 4.108 Thread 0x000002a2fbbd4000 nmethod 2181 0x000002a2ed604210 code [0x000002a2ed6045c0, 0x000002a2ed607c80]
Event: 4.108 Thread 0x000002a2fbbd4000 2249       4       org.springframework.boot.context.properties.source.ConfigurationPropertyName$ElementsParser::updateType (109 bytes)
Event: 4.115 Thread 0x000002a2fbbd4000 nmethod 2249 0x000002a2ed609890 code [0x000002a2ed609a40, 0x000002a2ed609cd8]
Event: 4.115 Thread 0x000002a2fbbd4000 2184       4       java.lang.StringLatin1::toUpperCase (180 bytes)

GC Heap History (8 events):
Event: 1.053 GC heap before
{Heap before GC invocations=0 (full 0):
 garbage-first heap   total 131072K, used 13312K [0x0000000081600000, 0x0000000100000000)
  region size 1024K, 14 young (14336K), 0 survivors (0K)
 Metaspace       used 2646K, capacity 5395K, committed 5760K, reserved 1056768K
  class space    used 255K, capacity 522K, committed 640K, reserved 1048576K
}
Event: 1.066 GC heap after
{Heap after GC invocations=1 (full 0):
 garbage-first heap   total 131072K, used 6336K [0x0000000081600000, 0x0000000100000000)
  region size 1024K, 2 young (2048K), 2 survivors (2048K)
 Metaspace       used 2646K, capacity 5395K, committed 5760K, reserved 1056768K
  class space    used 255K, capacity 522K, committed 640K, reserved 1048576K
}
Event: 1.362 GC heap before
{Heap before GC invocations=1 (full 0):
 garbage-first heap   total 131072K, used 12480K [0x0000000081600000, 0x0000000100000000)
  region size 1024K, 8 young (8192K), 2 survivors (2048K)
 Metaspace       used 3927K, capacity 6182K, committed 6272K, reserved 1056768K
  class space    used 407K, capacity 638K, committed 640K, reserved 1048576K
}
Event: 1.366 GC heap after
{Heap after GC invocations=2 (full 0):
 garbage-first heap   total 131072K, used 6766K [0x0000000081600000, 0x0000000100000000)
  region size 1024K, 1 young (1024K), 1 survivors (1024K)
 Metaspace       used 3927K, capacity 6182K, committed 6272K, reserved 1056768K
  class space    used 407K, capacity 638K, committed 640K, reserved 1048576K
}
Event: 1.977 GC heap before
{Heap before GC invocations=2 (full 0):
 garbage-first heap   total 131072K, used 29294K [0x0000000081600000, 0x0000000100000000)
  region size 1024K, 23 young (23552K), 1 survivors (1024K)
 Metaspace       used 8506K, capacity 9552K, committed 9728K, reserved 1058816K
  class space    used 1030K, capacity 1165K, committed 1280K, reserved 1048576K
}
Event: 1.983 GC heap after
{Heap after GC invocations=3 (full 0):
 garbage-first heap   total 131072K, used 8026K [0x0000000081600000, 0x0000000100000000)
  region size 1024K, 2 young (2048K), 2 survivors (2048K)
 Metaspace       used 8506K, capacity 9552K, committed 9728K, reserved 1058816K
  class space    used 1030K, capacity 1165K, committed 1280K, reserved 1048576K
}
Event: 3.044 GC heap before
{Heap before GC invocations=3 (full 0):
 garbage-first heap   total 131072K, used 50010K [0x0000000081600000, 0x0000000100000000)
  region size 1024K, 44 young (45056K), 2 survivors (2048K)
 Metaspace       used 16755K, capacity 17242K, committed 17536K, reserved 1064960K
  class space    used 2149K, capacity 2312K, committed 2432K, reserved 1048576K
}
Event: 3.052 GC heap after
{Heap after GC invocations=4 (full 0):
 garbage-first heap   total 131072K, used 9461K [0x0000000081600000, 0x0000000100000000)
  region size 1024K, 3 young (3072K), 3 survivors (3072K)
 Metaspace       used 16755K, capacity 17242K, committed 17536K, reserved 1064960K
  class space    used 2149K, capacity 2312K, committed 2432K, reserved 1048576K
}

Deoptimization events (20 events):
Event: 2.933 Thread 0x000002a2dd571000 Uncommon trap: trap_request=0xffffff45 fr.pc=0x000002a2ed5946ec relative=0x000000000000122c
Event: 2.933 Thread 0x000002a2dd571000 Uncommon trap: reason=unstable_if action=reinterpret pc=0x000002a2ed5946ec method=java.util.concurrent.ConcurrentHashMap.putVal(Ljava/lang/Object;Ljava/lang/Object;Z)Ljava/lang/Object; @ 231 c2
Event: 2.933 Thread 0x000002a2dd571000 DEOPT PACKING pc=0x000002a2ed5946ec sp=0x000000c0547fe2e0
Event: 2.933 Thread 0x000002a2dd571000 DEOPT UNPACKING pc=0x000002a2e5aa912f sp=0x000000c0547fe260 mode 2
Event: 3.143 Thread 0x000002a2dd571000 Uncommon trap: trap_request=0xffffff45 fr.pc=0x000002a2ed54a7bc relative=0x000000000000009c
Event: 3.143 Thread 0x000002a2dd571000 Uncommon trap: reason=unstable_if action=reinterpret pc=0x000002a2ed54a7bc method=java.util.HashMap.hash(Ljava/lang/Object;)I @ 1 c2
Event: 3.143 Thread 0x000002a2dd571000 DEOPT PACKING pc=0x000002a2ed54a7bc sp=0x000000c0547fd280
Event: 3.143 Thread 0x000002a2dd571000 DEOPT UNPACKING pc=0x000002a2e5aa912f sp=0x000000c0547fd218 mode 2
Event: 3.248 Thread 0x000002a2dd571000 Uncommon trap: trap_request=0xffffffde fr.pc=0x000002a2ed53a944 relative=0x00000000000001a4
Event: 3.248 Thread 0x000002a2dd571000 Uncommon trap: reason=class_check action=maybe_recompile pc=0x000002a2ed53a944 method=java.lang.String.equals(Ljava/lang/Object;)Z @ 8 c2
Event: 3.248 Thread 0x000002a2dd571000 DEOPT PACKING pc=0x000002a2ed53a944 sp=0x000000c0547fdc30
Event: 3.248 Thread 0x000002a2dd571000 DEOPT UNPACKING pc=0x000002a2e5aa912f sp=0x000000c0547fdbc8 mode 2
Event: 3.248 Thread 0x000002a2dd571000 Uncommon trap: trap_request=0xffffffde fr.pc=0x000002a2ed53a944 relative=0x00000000000001a4
Event: 3.248 Thread 0x000002a2dd571000 Uncommon trap: reason=class_check action=maybe_recompile pc=0x000002a2ed53a944 method=java.lang.String.equals(Ljava/lang/Object;)Z @ 8 c2
Event: 3.248 Thread 0x000002a2dd571000 DEOPT PACKING pc=0x000002a2ed53a944 sp=0x000000c0547fdc30
Event: 3.248 Thread 0x000002a2dd571000 DEOPT UNPACKING pc=0x000002a2e5aa912f sp=0x000000c0547fdbc8 mode 2
Event: 3.955 Thread 0x000002a2dd571000 Uncommon trap: trap_request=0xffffff45 fr.pc=0x000002a2ed563f8c relative=0x000000000000006c
Event: 3.955 Thread 0x000002a2dd571000 Uncommon trap: reason=unstable_if action=reinterpret pc=0x000002a2ed563f8c method=org.springframework.util.ConcurrentReferenceHashMap$Segment.clear()V @ 7 c2
Event: 3.955 Thread 0x000002a2dd571000 DEOPT PACKING pc=0x000002a2ed563f8c sp=0x000000c0547fe390
Event: 3.955 Thread 0x000002a2dd571000 DEOPT UNPACKING pc=0x000002a2e5aa912f sp=0x000000c0547fe320 mode 2

Classes unloaded (0 events):
No events

Classes redefined (0 events):
No events

Internal exceptions (20 events):
Event: 2.805 Thread 0x000002a2dd571000 Exception <a 'java/lang/NoClassDefFoundError'{0x0000000086e063a8}: org/springframework/jdbc/CannotGetJdbcConnectionException> (0x0000000086e063a8) 
thrown [t:/workspace/open/src/hotspot/share/classfile/systemDictionary.cpp, line 221]
Event: 3.021 Thread 0x000002a2dd571000 Exception <a 'java/lang/ClassNotFoundException'{0x0000000086a47950}: java/lang/ObjectCustomizer> (0x0000000086a47950) 
thrown [t:/workspace/open/src/hotspot/share/classfile/systemDictionary.cpp, line 232]
Event: 3.024 Thread 0x000002a2dd571000 Exception <a 'java/lang/IncompatibleClassChangeError'{0x0000000086a4b818}: Found class java.lang.Object, but interface was expected> (0x0000000086a4b818) 
thrown [t:/workspace/open/src/hotspot/share/interpreter/linkResolver.cpp, line 833]
Event: 3.033 Thread 0x000002a2dd571000 Exception <a 'java/lang/ClassNotFoundException'{0x0000000086a6db08}: org/springframework/context/annotation/ConfigurationClassPostProcessorCustomizer> (0x0000000086a6db08) 
thrown [t:/workspace/open/src/hotspot/share/classfile/systemDictionary.cpp, line 232]
Event: 3.038 Thread 0x000002a2dd571000 Exception <a 'java/lang/ClassNotFoundException'{0x0000000086a9f6a8}: org/springframework/beans/factory/support/BeanDefinitionRegistryPostProcessorCustomizer> (0x0000000086a9f6a8) 
thrown [t:/workspace/open/src/hotspot/share/classfile/systemDictionary.cpp, line 232]
Event: 3.040 Thread 0x000002a2dd571000 Exception <a 'java/lang/ClassNotFoundException'{0x0000000086ab31b8}: org/springframework/beans/factory/config/BeanFactoryPostProcessorCustomizer> (0x0000000086ab31b8) 
thrown [t:/workspace/open/src/hotspot/share/classfile/systemDictionary.cpp, line 232]
Event: 3.040 Thread 0x000002a2dd571000 Exception <a 'java/lang/ClassNotFoundException'{0x0000000086ac3170}: org/springframework/core/PriorityOrderedCustomizer> (0x0000000086ac3170) 
thrown [t:/workspace/open/src/hotspot/share/classfile/systemDictionary.cpp, line 232]
Event: 3.041 Thread 0x000002a2dd571000 Exception <a 'java/lang/ClassNotFoundException'{0x0000000086ad0cb8}: org/springframework/core/OrderedCustomizer> (0x0000000086ad0cb8) 
thrown [t:/workspace/open/src/hotspot/share/classfile/systemDictionary.cpp, line 232]
Event: 3.042 Thread 0x000002a2dd571000 Exception <a 'java/lang/ClassNotFoundException'{0x0000000086ae13f8}: org/springframework/context/ResourceLoaderAwareCustomizer> (0x0000000086ae13f8) 
thrown [t:/workspace/open/src/hotspot/share/classfile/systemDictionary.cpp, line 232]
Event: 3.043 Thread 0x000002a2dd571000 Exception <a 'java/lang/ClassNotFoundException'{0x0000000086af0ba0}: org/springframework/beans/factory/AwareCustomizer> (0x0000000086af0ba0) 
thrown [t:/workspace/open/src/hotspot/share/classfile/systemDictionary.cpp, line 232]
Event: 3.053 Thread 0x000002a2dd571000 Exception <a 'java/lang/ClassNotFoundException'{0x0000000089501a30}: org/springframework/beans/factory/BeanClassLoaderAwareCustomizer> (0x0000000089501a30) 
thrown [t:/workspace/open/src/hotspot/share/classfile/systemDictionary.cpp, line 232]
Event: 3.054 Thread 0x000002a2dd571000 Exception <a 'java/lang/ClassNotFoundException'{0x00000000895111f0}: org/springframework/beans/factory/AwareCustomizer> (0x00000000895111f0) 
thrown [t:/workspace/open/src/hotspot/share/classfile/systemDictionary.cpp, line 232]
Event: 3.054 Thread 0x000002a2dd571000 Exception <a 'java/lang/ClassNotFoundException'{0x0000000089520838}: org/springframework/context/EnvironmentAwareCustomizer> (0x0000000089520838) 
thrown [t:/workspace/open/src/hotspot/share/classfile/systemDictionary.cpp, line 232]
Event: 3.055 Thread 0x000002a2dd571000 Exception <a 'java/lang/ClassNotFoundException'{0x000000008952ff48}: org/springframework/beans/factory/AwareCustomizer> (0x000000008952ff48) 
thrown [t:/workspace/open/src/hotspot/share/classfile/systemDictionary.cpp, line 232]
Event: 3.143 Thread 0x000002a2dd571000 Implicit null exception at 0x000002a2ed54a72f to 0x000002a2ed54a7ad
Event: 3.183 Thread 0x000002a2dd571000 Exception <a 'java/lang/NoSuchMethodError'{0x00000000891c0f88}: 'void java.lang.invoke.DirectMethodHandle$Holder.invokeStatic(java.lang.Object, java.lang.Object, java.lang.Object, java.lang.Object)'> (0x00000000891c0f88) 
thrown [t:/workspace/open/src/hotspot/share/interpreter/linkResolver.cpp, line 767]
Event: 3.185 Thread 0x000002a2dd571000 Exception <a 'java/lang/NoSuchMethodError'{0x00000000891cd8a0}: 'void java.lang.invoke.DirectMethodHandle$Holder.invokeInterface(java.lang.Object, java.lang.Object, java.lang.Object, java.lang.Object)'> (0x00000000891cd8a0) 
thrown [t:/workspace/open/src/hotspot/share/interpreter/linkResolver.cpp, line 767]
Event: 3.649 Thread 0x000002a2dd571000 Exception <a 'java/lang/NoSuchMethodError'{0x00000000887b1150}: 'org.slf4j.impl.StaticMDCBinder org.slf4j.impl.StaticMDCBinder.getSingleton()'> (0x00000000887b1150) 
thrown [t:/workspace/open/src/hotspot/share/interpreter/linkResolver.cpp, line 767]
Event: 3.851 Thread 0x000002a2dd571000 Exception <a 'java/lang/NoSuchMethodError'{0x000000008854c930}: 'int java.lang.invoke.DirectMethodHandle$Holder.invokeSpecial(java.lang.Object, java.lang.Object, java.lang.Object, java.lang.Object, java.lang.Object)'> (0x000000008854c930) 
thrown [t:/workspace/open/src/hotspot/share/interpreter/linkResolver.cpp, line 767]
Event: 3.939 Thread 0x000002a2dd571000 Exception <a 'java/lang/NoSuchMethodError'{0x00000000884536c8}: 'void java.lang.invoke.DirectMethodHandle$Holder.invokeStatic(java.lang.Object, java.lang.Object, java.lang.Object, java.lang.Object, java.lang.Object)'> (0x00000000884536c8) 
thrown [t:/workspace/open/src/hotspot/share/interpreter/linkResolver.cpp, line 767]

Events (20 events):
Event: 3.953 loading class org/springframework/boot/autoconfigure/condition/ConditionEvaluationReport$ConditionAndOutcomes
Event: 3.953 loading class org/springframework/boot/autoconfigure/condition/ConditionEvaluationReport$ConditionAndOutcomes done
Event: 3.954 loading class org/springframework/boot/autoconfigure/condition/ConditionEvaluationReport$ConditionAndOutcomes
Event: 3.954 loading class org/springframework/boot/autoconfigure/condition/ConditionEvaluationReport$ConditionAndOutcomes done
Event: 3.955 loading class org/springframework/context/support/LiveBeansView
Event: 3.955 loading class org/springframework/context/support/LiveBeansView done
Event: 3.956 loading class org/springframework/context/support/LiveBeansViewMBean
Event: 3.956 loading class org/springframework/context/support/LiveBeansViewMBean done
Event: 3.959 loading class org/springframework/util/ConcurrentReferenceHashMap$EntrySet
Event: 3.959 loading class org/springframework/util/ConcurrentReferenceHashMap$EntrySet done
Event: 3.960 loading class org/springframework/util/ConcurrentReferenceHashMap$EntryIterator
Event: 3.960 loading class org/springframework/util/ConcurrentReferenceHashMap$EntryIterator done
Event: 3.961 loading class org/springframework/util/StopWatch$TaskInfo
Event: 3.961 loading class org/springframework/util/StopWatch$TaskInfo done
Event: 3.962 loading class org/springframework/cloud/bootstrap/BootstrapApplicationListener$AncestorInitializer
Event: 3.962 loading class org/springframework/cloud/bootstrap/BootstrapApplicationListener$AncestorInitializer done
Event: 3.963 loading class org/springframework/cloud/bootstrap/BootstrapApplicationListener$CloseContextOnFailureApplicationListener
Event: 3.963 loading class org/springframework/cloud/bootstrap/BootstrapApplicationListener$CloseContextOnFailureApplicationListener done
Event: 3.965 loading class org/springframework/cloud/bootstrap/BootstrapApplicationListener$DelegatingEnvironmentDecryptApplicationInitializer
Event: 3.965 loading class org/springframework/cloud/bootstrap/BootstrapApplicationListener$DelegatingEnvironmentDecryptApplicationInitializer done


Dynamic libraries:
0x00007ff721bf0000 - 0x00007ff721bff000 	C:\Program Files\Java\jdk-13.0.2\bin\java.exe
0x00007ffe77370000 - 0x00007ffe77551000 	C:\Windows\SYSTEM32\ntdll.dll
0x00007ffe76d10000 - 0x00007ffe76dc1000 	C:\Windows\System32\KERNEL32.DLL
0x00007ffe738e0000 - 0x00007ffe73b53000 	C:\Windows\System32\KERNELBASE.dll
0x00007ffe737e0000 - 0x00007ffe738d8000 	C:\Windows\System32\ucrtbase.dll
0x00007ffe67d30000 - 0x00007ffe67d48000 	C:\Program Files\Java\jdk-13.0.2\bin\jli.dll
0x00007ffe764f0000 - 0x00007ffe76591000 	C:\Windows\System32\ADVAPI32.dll
0x00007ffe76c10000 - 0x00007ffe76cae000 	C:\Windows\System32\msvcrt.dll
0x00007ffe76cb0000 - 0x00007ffe76d0b000 	C:\Windows\System32\sechost.dll
0x00007ffe77180000 - 0x00007ffe772a4000 	C:\Windows\System32\RPCRT4.dll
0x00007ffe765a0000 - 0x00007ffe76730000 	C:\Windows\System32\USER32.dll
0x00007ffe73740000 - 0x00007ffe73760000 	C:\Windows\System32\win32u.dll
0x00007ffe76790000 - 0x00007ffe767b8000 	C:\Windows\System32\GDI32.dll
0x00007ffe73b60000 - 0x00007ffe73cf1000 	C:\Windows\System32\gdi32full.dll
0x00007ffe74470000 - 0x00007ffe7450f000 	C:\Windows\System32\msvcp_win.dll
0x00007ffe679b0000 - 0x00007ffe679c5000 	C:\Program Files\Java\jdk-13.0.2\bin\VCRUNTIME140.dll
0x00007ffe6cac0000 - 0x00007ffe6cd29000 	C:\Windows\WinSxS\amd64_microsoft.windows.common-controls_6595b64144ccf1df_6.0.17134.885_none_fb42a3473065565f\COMCTL32.dll
0x00007ffe74cb0000 - 0x00007ffe74fd2000 	C:\Windows\System32\combase.dll
0x00007ffe73760000 - 0x00007ffe737d9000 	C:\Windows\System32\bcryptPrimitives.dll
0x00007ffe6ca70000 - 0x00007ffe6ca7a000 	C:\Windows\SYSTEM32\VERSION.dll
0x00007ffe76bd0000 - 0x00007ffe76bfd000 	C:\Windows\System32\IMM32.DLL
0x00007ffe5d990000 - 0x00007ffe5da2b000 	C:\Program Files\Java\jdk-13.0.2\bin\msvcp140.dll
0x00007ffe39160000 - 0x00007ffe39cbd000 	C:\Program Files\Java\jdk-13.0.2\bin\server\jvm.dll
0x00007ffe772b0000 - 0x00007ffe772b8000 	C:\Windows\System32\PSAPI.DLL
0x00007ffe6ee10000 - 0x00007ffe6ee19000 	C:\Windows\SYSTEM32\WSOCK32.dll
0x00007ffe767c0000 - 0x00007ffe7682c000 	C:\Windows\System32\WS2_32.dll
0x00007ffe6d230000 - 0x00007ffe6d253000 	C:\Windows\SYSTEM32\WINMM.dll
0x00007ffe6d200000 - 0x00007ffe6d22a000 	C:\Windows\SYSTEM32\WINMMBASE.dll
0x00007ffe747b0000 - 0x00007ffe747f9000 	C:\Windows\System32\cfgmgr32.dll
0x00007ffe73720000 - 0x00007ffe73731000 	C:\Windows\System32\kernel.appcore.dll
0x00007ffe6cd30000 - 0x00007ffe6cd40000 	C:\Program Files\Java\jdk-13.0.2\bin\verify.dll
0x00007ffe62170000 - 0x00007ffe62339000 	C:\Windows\SYSTEM32\DBGHELP.DLL
0x00007ffe62030000 - 0x00007ffe62059000 	C:\Windows\SYSTEM32\dbgcore.DLL
0x00007ffe66e20000 - 0x00007ffe66e46000 	C:\Program Files\Java\jdk-13.0.2\bin\java.dll
0x00007ffe6e840000 - 0x00007ffe6e84e000 	C:\Program Files\Java\jdk-13.0.2\bin\instrument.dll
0x00007ffe67990000 - 0x00007ffe679a7000 	C:\Program Files\Java\jdk-13.0.2\bin\zip.dll
0x00007ffe6c200000 - 0x00007ffe6c20a000 	C:\Program Files\Java\jdk-13.0.2\bin\jimage.dll
0x00007ffe74fe0000 - 0x00007ffe76420000 	C:\Windows\System32\SHELL32.dll
0x00007ffe76f70000 - 0x00007ffe77019000 	C:\Windows\System32\shcore.dll
0x00007ffe73d60000 - 0x00007ffe7446d000 	C:\Windows\System32\windows.storage.dll
0x00007ffe76730000 - 0x00007ffe76781000 	C:\Windows\System32\shlwapi.dll
0x00007ffe73700000 - 0x00007ffe7371f000 	C:\Windows\System32\profapi.dll
0x00007ffe73680000 - 0x00007ffe736cc000 	C:\Windows\System32\powrprof.dll
0x00007ffe736f0000 - 0x00007ffe736fa000 	C:\Windows\System32\FLTLIB.DLL
0x00007ffe66e00000 - 0x00007ffe66e19000 	C:\Program Files\Java\jdk-13.0.2\bin\net.dll
0x00007ffe6d700000 - 0x00007ffe6d7dd000 	C:\Windows\SYSTEM32\WINHTTP.dll
0x00007ffe72f00000 - 0x00007ffe72f66000 	C:\Windows\system32\mswsock.dll
0x00007ffe667f0000 - 0x00007ffe66803000 	C:\Program Files\Java\jdk-13.0.2\bin\nio.dll
0x00007ffe65b90000 - 0x00007ffe65baa000 	D:\Programs\IntelliJ IDEA Community Edition 2019.3.3\bin\breakgen64.dll
0x00007ffe72c90000 - 0x00007ffe72cc8000 	C:\Windows\SYSTEM32\IPHLPAPI.DLL
0x00007ffe768f0000 - 0x00007ffe768f8000 	C:\Windows\System32\NSI.dll
0x00007ffe6bdd0000 - 0x00007ffe6bde6000 	C:\Windows\SYSTEM32\dhcpcsvc6.DLL
0x00007ffe6c3a0000 - 0x00007ffe6c3ba000 	C:\Windows\SYSTEM32\dhcpcsvc.DLL
0x00007ffe72cd0000 - 0x00007ffe72d8e000 	C:\Windows\SYSTEM32\DNSAPI.dll
0x00007ffe65b60000 - 0x00007ffe65b6a000 	C:\Windows\System32\rasadhlp.dll
0x00007ffe662b0000 - 0x00007ffe66322000 	C:\Windows\System32\fwpuclnt.dll
0x00007ffe731e0000 - 0x00007ffe73205000 	C:\Windows\SYSTEM32\bcrypt.dll
0x00007ffe6c040000 - 0x00007ffe6c049000 	C:\Program Files\Java\jdk-13.0.2\bin\management.dll
0x00007ffe6b810000 - 0x00007ffe6b81b000 	C:\Program Files\Java\jdk-13.0.2\bin\management_ext.dll
0x00007ffe60ad0000 - 0x00007ffe60ae6000 	C:\Windows\system32\napinsp.dll
0x00007ffe60bb0000 - 0x00007ffe60bca000 	C:\Windows\system32\pnrpnsp.dll
0x00007ffe6feb0000 - 0x00007ffe6fec9000 	C:\Windows\system32\NLAapi.dll
0x00007ffe60ba0000 - 0x00007ffe60bae000 	C:\Windows\System32\winrnr.dll
0x00007ffe6dd10000 - 0x00007ffe6dd25000 	C:\Windows\System32\wshbth.dll

dbghelp: loaded successfully - version: 4.0.5 - missing functions: none
symbol engine: initialized successfully - sym options: 0x614 - pdb path: .;C:\Program Files\Java\jdk-13.0.2\bin;C:\Windows\SYSTEM32;C:\Windows\WinSxS\amd64_microsoft.windows.common-controls_6595b64144ccf1df_6.0.17134.885_none_fb42a3473065565f;C:\Program Files\Java\jdk-13.0.2\bin\server;D:\Programs\IntelliJ IDEA Community Edition 2019.3.3\bin

VM Arguments:
jvm_args: -javaagent:D:\Programs\IntelliJ IDEA Community Edition 2019.3.3\lib\idea_rt.jar=63686:D:\Programs\IntelliJ IDEA Community Edition 2019.3.3\bin -Dfile.encoding=UTF-8 
java_command: com.weiss.weiss.WeissApplication
java_class_path (initial): D:\uac\IDEA\weiss\target\classes;C:\Users\l9mon\.m2\repository\org\springframework\boot\spring-boot-starter-security\2.2.4.RELEASE\spring-boot-starter-security-2.2.4.RELEASE.jar;C:\Users\l9mon\.m2\repository\org\springframework\boot\spring-boot-starter\2.2.4.RELEASE\spring-boot-starter-2.2.4.RELEASE.jar;C:\Users\l9mon\.m2\repository\org\springframework\boot\spring-boot\2.2.4.RELEASE\spring-boot-2.2.4.RELEASE.jar;C:\Users\l9mon\.m2\repository\org\springframework\boot\spring-boot-autoconfigure\2.2.4.RELEASE\spring-boot-autoconfigure-2.2.4.RELEASE.jar;C:\Users\l9mon\.m2\repository\org\springframework\boot\spring-boot-starter-logging\2.2.4.RELEASE\spring-boot-starter-logging-2.2.4.RELEASE.jar;C:\Users\l9mon\.m2\repository\ch\qos\logback\logback-classic\1.2.3\logback-classic-1.2.3.jar;C:\Users\l9mon\.m2\repository\ch\qos\logback\logback-core\1.2.3\logback-core-1.2.3.jar;C:\Users\l9mon\.m2\repository\org\apache\logging\log4j\log4j-to-slf4j\2.12.1\log4j-to-slf4j-2.12.1.jar;C:\Users\l9mon\.m2\repository\org\apache\logging\log4j\log4j-api\2.12.1\log4j-api-2.12.1.jar;C:\Users\l9mon\.m2\repository\org\slf4j\jul-to-slf4j\1.7.30\jul-to-slf4j-1.7.30.jar;C:\Users\l9mon\.m2\repository\jakarta\annotation\jakarta.annotation-api\1.3.5\jakarta.annotation-api-1.3.5.jar;C:\Users\l9mon\.m2\repository\org\yaml\snakeyaml\1.25\snakeyaml-1.25.jar;C:\Users\l9mon\.m2\repository\org\springframework\spring-aop\5.2.3.RELEASE\spring-aop-5.2.3.RELEASE.jar;C:\Users\l9mon\.m2\repository\org\springframework\spring-beans\5.2.3.RELEASE\spring-beans-5.2.3.RELEASE.jar;C:\Users\l9mon\.m2\repository\org\springframework\security\spring-security-config\5.2.1.RELEASE\spring-security-config-5.2.1.RELEASE.jar;C:\Users\l9mon\.m2\repository\org\springframework\spring-context\5.2.3.RELEASE\spring-context-5.2.3.RELEASE.jar;C:\Users\l9mon\.m2\repository\org\springframework\security\spring-security-web\5.2.1.RELEASE\spring-security-web-5.2.1.RELEASE.jar;C:\Users\l9mon\.m2\repository\org\spr
Launcher Type: SUN_STANDARD

[Global flags]
     intx CICompilerCount                          = 3                                         {product} {ergonomic}
     uint ConcGCThreads                            = 1                                         {product} {ergonomic}
     uint G1ConcRefinementThreads                  = 4                                         {product} {ergonomic}
   size_t G1HeapRegionSize                         = 1048576                                   {product} {ergonomic}
    uintx GCDrainStackTargetSize                   = 64                                        {product} {ergonomic}
   size_t InitialHeapSize                          = 134217728                                 {product} {ergonomic}
   size_t MarkStackSize                            = 4194304                                   {product} {ergonomic}
   size_t MaxHeapSize                              = 2124414976                                {product} {ergonomic}
   size_t MaxNewSize                               = 1274019840                                {product} {ergonomic}
   size_t MinHeapDeltaBytes                        = 1048576                                   {product} {ergonomic}
   size_t MinHeapSize                              = 8388608                                   {product} {ergonomic}
    uintx NonNMethodCodeHeapSize                   = 5832780                                {pd product} {ergonomic}
    uintx NonProfiledCodeHeapSize                  = 122912730                              {pd product} {ergonomic}
    uintx ProfiledCodeHeapSize                     = 122912730                              {pd product} {ergonomic}
    uintx ReservedCodeCacheSize                    = 251658240                              {pd product} {ergonomic}
     bool SegmentedCodeCache                       = true                                      {product} {ergonomic}
   size_t SoftMaxHeapSize                          = 2124414976                             {manageable} {ergonomic}
     bool UseCompressedClassPointers               = true                                 {lp64_product} {ergonomic}
     bool UseCompressedOops                        = true                                 {lp64_product} {ergonomic}
     bool UseG1GC                                  = true                                      {product} {ergonomic}
     bool UseLargePagesIndividualAllocation        = false                                  {pd product} {ergonomic}

Logging:
Log output configuration:
 #0: stdout all=warning uptime,level,tags
 #1: stderr all=off uptime,level,tags

Environment Variables:
PATH=C:\Program Files (x86)\Common Files\Oracle\Java\javapath;C:\Windows\system32;C:\Windows;C:\Windows\System32\Wbem;C:\Windows\System32\WindowsPowerShell\v1.0\;C:\Windows\System32\OpenSSH\;C:\Program Files\Git\cmd;C:\Program Files\nodejs\;C:\Android;C:\Windows\System32;C:\Users\l9mon\AppData\Local\Microsoft\WindowsApps;C:\Users\l9mon\AppData\Roaming\npm;D:\Programs\gradle-4.8-bin\gradle-4.8\bin;C:\Apache24\bin;D:\Programs\Fiddler;C:\Program Files\Java\jdk-13.0.2\bin;
USERNAME=l9mon
OS=Windows_NT
PROCESSOR_IDENTIFIER=Intel64 Family 6 Model 69 Stepping 1, GenuineIntel



---------------  S Y S T E M  ---------------

OS: Windows 10 , 64 bit Build 17134 (10.0.17134.753)

CPU:total 4 (initial active 4) (2 cores per cpu, 2 threads per core) family 6 model 69 stepping 1, cmov, cx8, fxsr, mmx, sse, sse2, sse3, ssse3, sse4.1, sse4.2, popcnt, avx, avx2, aes, clmul, erms, lzcnt, ht, tsc, tscinvbit, bmi1, bmi2, fma

Memory: 4k page, system-wide physical 8097M (1541M free)
TotalPageFile size 10211M (AvailPageFile size 7M)
current process WorkingSet (physical memory assigned to process): 161M, peak: 166M
current process commit charge ("private bytes"): 278M, peak: 280M

vm_info: Java HotSpot(TM) 64-Bit Server VM (13.0.2+8) for windows-amd64 JRE (13.0.2+8), built on Dec 11 2019 09:20:33 by "mach5one" with unknown MS VC++:1916

END.
